2026-05-01 15:45:15,711 - Worker-0 - INFO - Downloaded https://www.stat.uci.edu, status <200>, using cache ('styx.ics.uci.edu', 9007).
2026-05-01 15:45:16,440 - Worker-0 - INFO - Downloaded https://stat.uci.edu/seminar-series, status <200>, using cache ('styx.ics.uci.edu', 9007).
2026-05-01 15:45:17,014 - Worker-0 - INFO - Downloaded https://stat.ics.uci.edu/seminar-series, status <200>, using cache ('styx.ics.uci.edu', 9007).
2026-05-01 15:45:17,581 - Worker-0 - INFO - Downloaded https://stat.ics.uci.edu/what-is-statistics, status <200>, using cache ('styx.ics.uci.edu', 9007).
2026-05-01 15:45:18,159 - Worker-0 - INFO - Downloaded https://stat.ics.uci.edu/undergraduate-programs, status <200>, using cache ('styx.ics.uci.edu', 9007).
2026-05-01 15:45:18,732 - Worker-0 - INFO - Downloaded https://courselisting.ics.uci.edu/ugrad_courses/listing-course.php?department=STATS&level=Undergraduate&program=ALL&year=2025, status <200>, using cache ('styx.ics.uci.edu', 9007).
2026-05-01 15:45:19,310 - Worker-0 - INFO - Downloaded http://www.ics.uci.edu/~zhaoxia, status <200>, using cache ('styx.ics.uci.edu', 9007).
2026-05-01 15:45:19,886 - Worker-0 - INFO - Downloaded https://www.ics.uci.edu/~zhaoxia/CNCM2023, status <200>, using cache ('styx.ics.uci.edu', 9007).
2026-05-01 15:45:20,414 - Worker-0 - INFO - Downloaded https://ics.uci.edu/~zhaoxia, status <200>, using cache ('styx.ics.uci.edu', 9007).
2026-05-01 15:45:20,925 - Worker-0 - INFO - Downloaded https://ics.uci.edu/~zhaoxia/publications/GGWald_manuscript/index.htm, status <200>, using cache ('styx.ics.uci.edu', 9007).
2026-05-01 15:45:21,457 - Worker-0 - INFO - Downloaded https://ics.uci.edu/~zhaoxia/publications/GGWald_manuscript/SourceCode, status <200>, using cache ('styx.ics.uci.edu', 9007).
2026-05-01 15:45:21,995 - Worker-0 - INFO - Downloaded https://ics.uci.edu/~zhaoxia/publications/GGWald_manuscript/SourceCode/wald.h, status <200>, using cache ('styx.ics.uci.edu', 9007).
2026-05-01 15:45:22,506 - Worker-0 - INFO - Downloaded https://ics.uci.edu/~zhaoxia/publications/GGWald_manuscript/SourceCode/pchisq.c, status <200>, using cache ('styx.ics.uci.edu', 9007).
2026-05-01 15:45:23,015 - Worker-0 - INFO - Downloaded https://ics.uci.edu/~zhaoxia/publications/GGWald_manuscript/SourceCode/gg_wald.cpp, status <200>, using cache ('styx.ics.uci.edu', 9007).
2026-05-01 15:45:23,525 - Worker-0 - INFO - Downloaded https://ics.uci.edu/~zhaoxia/publications/GGWald_manuscript/SourceCode/gg_wald, status <403>, using cache ('styx.ics.uci.edu', 9007).
2026-05-01 15:45:24,034 - Worker-0 - INFO - Downloaded https://ics.uci.edu/~zhaoxia/publications/GGWald_manuscript/SourceCode/bitcount.h, status <200>, using cache ('styx.ics.uci.edu', 9007).
2026-05-01 15:45:24,544 - Worker-0 - INFO - Downloaded https://ics.uci.edu/~zhaoxia/publications/GGWald_manuscript, status <200>, using cache ('styx.ics.uci.edu', 9007).
2026-05-01 15:45:25,073 - Worker-0 - INFO - Downloaded http://www.ics.uci.edu/~sharad, status <200>, using cache ('styx.ics.uci.edu', 9007).
2026-05-01 15:45:25,596 - Worker-0 - INFO - Downloaded https://stat.ics.uci.edu/tutoring-resources, status <200>, using cache ('styx.ics.uci.edu', 9007).
2026-05-01 15:45:26,176 - Worker-0 - INFO - Downloaded https://stat.ics.uci.edu/statistics-seminar-series, status <200>, using cache ('styx.ics.uci.edu', 9007).
2026-05-01 15:45:26,747 - Worker-0 - INFO - Downloaded https://stat.ics.uci.edu/slider/b-s-in-data-science, status <200>, using cache ('styx.ics.uci.edu', 9007).
2026-05-01 15:45:27,328 - Worker-0 - INFO - Downloaded https://stat.ics.uci.edu/?page_id=81, status <404>, using cache ('styx.ics.uci.edu', 9007).
2026-05-01 15:45:27,838 - Worker-0 - INFO - Downloaded https://stat.ics.uci.edu/research-areas, status <200>, using cache ('styx.ics.uci.edu', 9007).
2026-05-01 15:45:28,419 - Worker-0 - INFO - Downloaded https://ics.uci.edu/research-areas/genomics, status <200>, using cache ('styx.ics.uci.edu', 9007).
2026-05-01 15:45:29,108 - Worker-0 - INFO - Downloaded https://www.stat.uci.edu/seminar-series, status <200>, using cache ('styx.ics.uci.edu', 9007).
2026-05-01 15:45:29,700 - Worker-0 - INFO - Downloaded https://www.informatics.uci.edu/explore/department-seminars, status <200>, using cache ('styx.ics.uci.edu', 9007).
2026-05-01 15:45:30,322 - Worker-0 - INFO - Downloaded https://informatics.ics.uci.edu/undergraduate-programs, status <200>, using cache ('styx.ics.uci.edu', 9007).
2026-05-01 15:45:30,936 - Worker-0 - INFO - Downloaded https://courselisting.ics.uci.edu/ugrad_courses/listing-course.php?department=INF&level=Undergraduate&program=ALL&year=2025, status <200>, using cache ('styx.ics.uci.edu', 9007).
2026-05-01 15:45:31,534 - Worker-0 - INFO - Downloaded http://www.ics.uci.edu/~ziv, status <200>, using cache ('styx.ics.uci.edu', 9007).
2026-05-01 15:45:32,093 - Worker-0 - INFO - Downloaded http://www.ics.uci.edu/~ziv/resume.html, status <200>, using cache ('styx.ics.uci.edu', 9007).
2026-05-01 15:45:32,628 - Worker-0 - INFO - Downloaded http://www.ics.uci.edu/~ziv/ooad/intro_to_se/index.htm, status <200>, using cache ('styx.ics.uci.edu', 9007).
2026-05-01 15:45:33,212 - Worker-0 - INFO - Downloaded https://ics.uci.edu/~hziv/ooad/intro_to_se/sld030.htm, status <200>, using cache ('styx.ics.uci.edu', 9007).
2026-05-01 15:45:33,771 - Worker-0 - INFO - Downloaded https://ics.uci.edu/~hziv/ooad/intro_to_se/tsld030.htm, status <200>, using cache ('styx.ics.uci.edu', 9007).
2026-05-01 15:45:34,311 - Worker-0 - INFO - Downloaded https://ics.uci.edu/~hziv/ooad/intro_to_se/tsld029.htm, status <200>, using cache ('styx.ics.uci.edu', 9007).
2026-05-01 15:45:34,851 - Worker-0 - INFO - Downloaded https://ics.uci.edu/~hziv/ooad/intro_to_se/tsld028.htm, status <200>, using cache ('styx.ics.uci.edu', 9007).
2026-05-01 15:45:35,390 - Worker-0 - INFO - Downloaded https://ics.uci.edu/~hziv/ooad/intro_to_se/tsld027.htm, status <200>, using cache ('styx.ics.uci.edu', 9007).
2026-05-01 15:45:35,918 - Worker-0 - INFO - Downloaded https://ics.uci.edu/~hziv/ooad/intro_to_se/tsld026.htm, status <200>, using cache ('styx.ics.uci.edu', 9007).
2026-05-01 15:45:36,447 - Worker-0 - INFO - Downloaded https://ics.uci.edu/~hziv/ooad/intro_to_se/tsld025.htm, status <200>, using cache ('styx.ics.uci.edu', 9007).
2026-05-01 15:45:36,981 - Worker-0 - INFO - Downloaded https://ics.uci.edu/~hziv/ooad/intro_to_se/tsld024.htm, status <200>, using cache ('styx.ics.uci.edu', 9007).
2026-05-01 15:45:37,509 - Worker-0 - INFO - Downloaded https://ics.uci.edu/~hziv/ooad/intro_to_se/tsld023.htm, status <200>, using cache ('styx.ics.uci.edu', 9007).
2026-05-01 15:45:38,037 - Worker-0 - INFO - Downloaded https://ics.uci.edu/~hziv/ooad/intro_to_se/tsld022.htm, status <200>, using cache ('styx.ics.uci.edu', 9007).
2026-05-01 15:45:38,567 - Worker-0 - INFO - Downloaded https://ics.uci.edu/~hziv/ooad/intro_to_se/tsld021.htm, status <200>, using cache ('styx.ics.uci.edu', 9007).
2026-05-01 15:45:39,105 - Worker-0 - INFO - Downloaded https://ics.uci.edu/~hziv/ooad/intro_to_se/tsld020.htm, status <200>, using cache ('styx.ics.uci.edu', 9007).
2026-05-01 15:45:39,633 - Worker-0 - INFO - Downloaded https://ics.uci.edu/~hziv/ooad/intro_to_se/tsld019.htm, status <200>, using cache ('styx.ics.uci.edu', 9007).
2026-05-01 15:45:40,162 - Worker-0 - INFO - Downloaded https://ics.uci.edu/~hziv/ooad/intro_to_se/tsld018.htm, status <200>, using cache ('styx.ics.uci.edu', 9007).
2026-05-01 15:45:40,691 - Worker-0 - INFO - Downloaded https://ics.uci.edu/~hziv/ooad/intro_to_se/tsld017.htm, status <200>, using cache ('styx.ics.uci.edu', 9007).
2026-05-01 15:45:41,219 - Worker-0 - INFO - Downloaded https://ics.uci.edu/~hziv/ooad/intro_to_se/tsld016.htm, status <200>, using cache ('styx.ics.uci.edu', 9007).
2026-05-01 15:45:41,748 - Worker-0 - INFO - Downloaded https://ics.uci.edu/~hziv/ooad/intro_to_se/tsld015.htm, status <200>, using cache ('styx.ics.uci.edu', 9007).
2026-05-01 15:45:42,276 - Worker-0 - INFO - Downloaded https://ics.uci.edu/~hziv/ooad/intro_to_se/tsld014.htm, status <200>, using cache ('styx.ics.uci.edu', 9007).
2026-05-01 15:45:42,831 - Worker-0 - INFO - Downloaded https://ics.uci.edu/~hziv/ooad/intro_to_se/tsld013.htm, status <200>, using cache ('styx.ics.uci.edu', 9007).
2026-05-01 15:45:43,358 - Worker-0 - INFO - Downloaded https://ics.uci.edu/~hziv/ooad/intro_to_se/index.htm, status <200>, using cache ('styx.ics.uci.edu', 9007).
2026-05-01 15:45:43,878 - Worker-0 - INFO - Downloaded https://ics.uci.edu/~hziv/ooad/intro_to_se/sld029.htm, status <200>, using cache ('styx.ics.uci.edu', 9007).
2026-05-01 15:45:44,423 - Worker-0 - INFO - Downloaded https://ics.uci.edu/~hziv/ooad/intro_to_se/sld028.htm, status <200>, using cache ('styx.ics.uci.edu', 9007).
2026-05-01 15:45:44,966 - Worker-0 - INFO - Downloaded https://ics.uci.edu/~hziv/ooad/intro_to_se/sld027.htm, status <200>, using cache ('styx.ics.uci.edu', 9007).
2026-05-01 15:45:45,479 - Worker-0 - INFO - Downloaded https://ics.uci.edu/~hziv/ooad/intro_to_se/sld026.htm, status <200>, using cache ('styx.ics.uci.edu', 9007).
2026-05-01 15:45:45,992 - Worker-0 - INFO - Downloaded https://ics.uci.edu/~hziv/ooad/intro_to_se/sld025.htm, status <200>, using cache ('styx.ics.uci.edu', 9007).
2026-05-01 15:45:46,504 - Worker-0 - INFO - Downloaded https://ics.uci.edu/~hziv/ooad/intro_to_se/sld024.htm, status <200>, using cache ('styx.ics.uci.edu', 9007).
2026-05-01 15:45:47,017 - Worker-0 - INFO - Downloaded https://ics.uci.edu/~hziv/ooad/intro_to_se/sld023.htm, status <200>, using cache ('styx.ics.uci.edu', 9007).
2026-05-01 15:45:47,532 - Worker-0 - INFO - Downloaded https://ics.uci.edu/~hziv/ooad/intro_to_se/sld022.htm, status <200>, using cache ('styx.ics.uci.edu', 9007).
2026-05-01 15:45:48,045 - Worker-0 - INFO - Downloaded https://ics.uci.edu/~hziv/ooad/intro_to_se/sld021.htm, status <200>, using cache ('styx.ics.uci.edu', 9007).
2026-05-01 15:45:48,588 - Worker-0 - INFO - Downloaded https://ics.uci.edu/~hziv/ooad/intro_to_se/sld020.htm, status <200>, using cache ('styx.ics.uci.edu', 9007).
2026-05-01 15:45:49,101 - Worker-0 - INFO - Downloaded https://ics.uci.edu/~hziv/ooad/intro_to_se/sld019.htm, status <200>, using cache ('styx.ics.uci.edu', 9007).
2026-05-01 15:45:49,622 - Worker-0 - INFO - Downloaded https://ics.uci.edu/~hziv/ooad/intro_to_se/sld018.htm, status <200>, using cache ('styx.ics.uci.edu', 9007).
2026-05-01 15:45:50,143 - Worker-0 - INFO - Downloaded https://ics.uci.edu/~hziv/ooad/intro_to_se/sld017.htm, status <200>, using cache ('styx.ics.uci.edu', 9007).
2026-05-01 15:45:50,666 - Worker-0 - INFO - Downloaded https://ics.uci.edu/~hziv/ooad/intro_to_se/sld016.htm, status <200>, using cache ('styx.ics.uci.edu', 9007).
2026-05-01 15:45:51,177 - Worker-0 - INFO - Downloaded https://ics.uci.edu/~hziv/ooad/intro_to_se/sld015.htm, status <200>, using cache ('styx.ics.uci.edu', 9007).
2026-05-01 15:45:51,690 - Worker-0 - INFO - Downloaded https://ics.uci.edu/~hziv/ooad/intro_to_se/sld014.htm, status <200>, using cache ('styx.ics.uci.edu', 9007).
2026-05-01 15:45:52,246 - Worker-0 - INFO - Downloaded https://ics.uci.edu/~hziv/ooad/intro_to_se/sld013.htm, status <200>, using cache ('styx.ics.uci.edu', 9007).
2026-05-01 15:45:52,759 - Worker-0 - INFO - Downloaded https://ics.uci.edu/~hziv/ooad/intro_to_se/sld012.htm, status <200>, using cache ('styx.ics.uci.edu', 9007).
2026-05-01 15:45:53,271 - Worker-0 - INFO - Downloaded https://ics.uci.edu/~hziv/ooad/intro_to_se/sld011.htm, status <200>, using cache ('styx.ics.uci.edu', 9007).
2026-05-01 15:45:53,783 - Worker-0 - INFO - Downloaded https://ics.uci.edu/~hziv/ooad/intro_to_se/sld010.htm, status <200>, using cache ('styx.ics.uci.edu', 9007).
2026-05-01 15:45:54,332 - Worker-0 - INFO - Downloaded https://ics.uci.edu/~hziv/ooad/intro_to_se/sld009.htm, status <200>, using cache ('styx.ics.uci.edu', 9007).
2026-05-01 15:45:54,877 - Worker-0 - INFO - Downloaded https://ics.uci.edu/~hziv/ooad/intro_to_se/sld008.htm, status <200>, using cache ('styx.ics.uci.edu', 9007).
2026-05-01 15:45:55,389 - Worker-0 - INFO - Downloaded https://ics.uci.edu/~hziv/ooad/intro_to_se/sld007.htm, status <200>, using cache ('styx.ics.uci.edu', 9007).
2026-05-01 15:45:55,938 - Worker-0 - INFO - Downloaded https://ics.uci.edu/~hziv/ooad/intro_to_se/sld006.htm, status <200>, using cache ('styx.ics.uci.edu', 9007).
2026-05-01 15:45:56,503 - Worker-0 - INFO - Downloaded https://ics.uci.edu/~hziv/ooad/intro_to_se/sld005.htm, status <200>, using cache ('styx.ics.uci.edu', 9007).
2026-05-01 15:45:57,016 - Worker-0 - INFO - Downloaded https://ics.uci.edu/~hziv/ooad/intro_to_se/sld004.htm, status <200>, using cache ('styx.ics.uci.edu', 9007).
2026-05-01 15:45:57,530 - Worker-0 - INFO - Downloaded https://ics.uci.edu/~hziv/ooad/intro_to_se/sld003.htm, status <200>, using cache ('styx.ics.uci.edu', 9007).
2026-05-01 15:45:58,075 - Worker-0 - INFO - Downloaded https://ics.uci.edu/~hziv/ooad/intro_to_se/sld002.htm, status <200>, using cache ('styx.ics.uci.edu', 9007).
2026-05-01 15:45:58,622 - Worker-0 - INFO - Downloaded https://ics.uci.edu/~hziv/ooad/intro_to_se/sld001.htm, status <200>, using cache ('styx.ics.uci.edu', 9007).
2026-05-01 15:45:59,165 - Worker-0 - INFO - Downloaded http://www.ics.uci.edu/~ziv/ooad/classes/index.htm, status <200>, using cache ('styx.ics.uci.edu', 9007).
2026-05-01 15:45:59,727 - Worker-0 - INFO - Downloaded https://ics.uci.edu/~hziv/ooad/classes/sld019.htm, status <200>, using cache ('styx.ics.uci.edu', 9007).
2026-05-01 15:46:00,292 - Worker-0 - INFO - Downloaded https://ics.uci.edu/~hziv/ooad/classes/tsld019.htm, status <200>, using cache ('styx.ics.uci.edu', 9007).
2026-05-01 15:46:00,840 - Worker-0 - INFO - Downloaded https://ics.uci.edu/~hziv/ooad/classes/tsld018.htm, status <200>, using cache ('styx.ics.uci.edu', 9007).
2026-05-01 15:46:01,368 - Worker-0 - INFO - Downloaded https://ics.uci.edu/~hziv/ooad/classes/tsld017.htm, status <200>, using cache ('styx.ics.uci.edu', 9007).
2026-05-01 15:46:01,898 - Worker-0 - INFO - Downloaded https://ics.uci.edu/~hziv/ooad/classes/tsld016.htm, status <200>, using cache ('styx.ics.uci.edu', 9007).
2026-05-01 15:46:02,449 - Worker-0 - INFO - Downloaded https://ics.uci.edu/~hziv/ooad/classes/tsld015.htm, status <200>, using cache ('styx.ics.uci.edu', 9007).
2026-05-01 15:46:03,011 - Worker-0 - INFO - Downloaded https://ics.uci.edu/~hziv/ooad/classes/tsld014.htm, status <200>, using cache ('styx.ics.uci.edu', 9007).
2026-05-01 15:46:03,541 - Worker-0 - INFO - Downloaded https://ics.uci.edu/~hziv/ooad/classes/tsld013.htm, status <200>, using cache ('styx.ics.uci.edu', 9007).
2026-05-01 15:46:04,072 - Worker-0 - INFO - Downloaded https://ics.uci.edu/~hziv/ooad/classes/tsld012.htm, status <200>, using cache ('styx.ics.uci.edu', 9007).
2026-05-01 15:46:04,599 - Worker-0 - INFO - Downloaded https://ics.uci.edu/~hziv/ooad/classes/tsld011.htm, status <200>, using cache ('styx.ics.uci.edu', 9007).
2026-05-01 15:46:05,128 - Worker-0 - INFO - Downloaded https://ics.uci.edu/~hziv/ooad/classes/tsld010.htm, status <200>, using cache ('styx.ics.uci.edu', 9007).
2026-05-01 15:46:05,656 - Worker-0 - INFO - Downloaded https://ics.uci.edu/~hziv/ooad/classes/tsld009.htm, status <200>, using cache ('styx.ics.uci.edu', 9007).
2026-05-01 15:46:06,185 - Worker-0 - INFO - Downloaded https://ics.uci.edu/~hziv/ooad/classes/tsld008.htm, status <200>, using cache ('styx.ics.uci.edu', 9007).
2026-05-01 15:46:06,715 - Worker-0 - INFO - Downloaded https://ics.uci.edu/~hziv/ooad/classes/tsld007.htm, status <200>, using cache ('styx.ics.uci.edu', 9007).
2026-05-01 15:46:07,267 - Worker-0 - INFO - Downloaded https://ics.uci.edu/~hziv/ooad/classes/tsld006.htm, status <200>, using cache ('styx.ics.uci.edu', 9007).
2026-05-01 15:46:07,821 - Worker-0 - INFO - Downloaded https://ics.uci.edu/~hziv/ooad/classes/tsld005.htm, status <200>, using cache ('styx.ics.uci.edu', 9007).
2026-05-01 15:46:08,350 - Worker-0 - INFO - Downloaded https://ics.uci.edu/~hziv/ooad/classes/tsld004.htm, status <200>, using cache ('styx.ics.uci.edu', 9007).
2026-05-01 15:46:08,878 - Worker-0 - INFO - Downloaded https://ics.uci.edu/~hziv/ooad/classes/tsld003.htm, status <200>, using cache ('styx.ics.uci.edu', 9007).
2026-05-01 15:46:09,406 - Worker-0 - INFO - Downloaded https://ics.uci.edu/~hziv/ooad/classes/tsld002.htm, status <200>, using cache ('styx.ics.uci.edu', 9007).
2026-05-01 15:46:09,963 - Worker-0 - INFO - Downloaded https://ics.uci.edu/~hziv/ooad/classes/tsld001.htm, status <200>, using cache ('styx.ics.uci.edu', 9007).
2026-05-01 15:46:10,510 - Worker-0 - INFO - Downloaded https://ics.uci.edu/~hziv/ooad/classes/index.htm, status <200>, using cache ('styx.ics.uci.edu', 9007).
2026-05-01 15:46:11,041 - Worker-0 - INFO - Downloaded https://ics.uci.edu/~hziv/ooad/classes/sld018.htm, status <200>, using cache ('styx.ics.uci.edu', 9007).
2026-05-01 15:46:11,554 - Worker-0 - INFO - Downloaded https://ics.uci.edu/~hziv/ooad/classes/sld017.htm, status <200>, using cache ('styx.ics.uci.edu', 9007).
2026-05-01 15:46:12,066 - Worker-0 - INFO - Downloaded https://ics.uci.edu/~hziv/ooad/classes/sld016.htm, status <200>, using cache ('styx.ics.uci.edu', 9007).
2026-05-01 15:46:12,618 - Worker-0 - INFO - Downloaded https://ics.uci.edu/~hziv/ooad/classes/sld015.htm, status <200>, using cache ('styx.ics.uci.edu', 9007).
2026-05-01 15:46:13,178 - Worker-0 - INFO - Downloaded https://ics.uci.edu/~hziv/ooad/classes/sld014.htm, status <200>, using cache ('styx.ics.uci.edu', 9007).
2026-05-01 15:46:13,691 - Worker-0 - INFO - Downloaded https://ics.uci.edu/~hziv/ooad/classes/sld013.htm, status <200>, using cache ('styx.ics.uci.edu', 9007).
2026-05-01 15:46:14,204 - Worker-0 - INFO - Downloaded https://ics.uci.edu/~hziv/ooad/classes/sld012.htm, status <200>, using cache ('styx.ics.uci.edu', 9007).
2026-05-01 15:46:14,717 - Worker-0 - INFO - Downloaded https://ics.uci.edu/~hziv/ooad/classes/sld011.htm, status <200>, using cache ('styx.ics.uci.edu', 9007).
2026-05-01 15:46:15,230 - Worker-0 - INFO - Downloaded https://ics.uci.edu/~hziv/ooad/classes/sld010.htm, status <200>, using cache ('styx.ics.uci.edu', 9007).
2026-05-01 15:46:15,742 - Worker-0 - INFO - Downloaded https://ics.uci.edu/~hziv/ooad/classes/sld009.htm, status <200>, using cache ('styx.ics.uci.edu', 9007).
2026-05-01 15:46:16,255 - Worker-0 - INFO - Downloaded https://ics.uci.edu/~hziv/ooad/classes/sld008.htm, status <200>, using cache ('styx.ics.uci.edu', 9007).
2026-05-01 15:46:16,769 - Worker-0 - INFO - Downloaded https://ics.uci.edu/~hziv/ooad/classes/sld007.htm, status <200>, using cache ('styx.ics.uci.edu', 9007).
2026-05-01 15:46:17,318 - Worker-0 - INFO - Downloaded https://ics.uci.edu/~hziv/ooad/classes/sld006.htm, status <200>, using cache ('styx.ics.uci.edu', 9007).
2026-05-01 15:46:17,869 - Worker-0 - INFO - Downloaded https://ics.uci.edu/~hziv/ooad/classes/sld005.htm, status <200>, using cache ('styx.ics.uci.edu', 9007).
2026-05-01 15:46:18,382 - Worker-0 - INFO - Downloaded https://ics.uci.edu/~hziv/ooad/classes/sld004.htm, status <200>, using cache ('styx.ics.uci.edu', 9007).
2026-05-01 15:46:18,894 - Worker-0 - INFO - Downloaded https://ics.uci.edu/~hziv/ooad/classes/sld003.htm, status <200>, using cache ('styx.ics.uci.edu', 9007).
2026-05-01 15:46:19,407 - Worker-0 - INFO - Downloaded https://ics.uci.edu/~hziv/ooad/classes/sld002.htm, status <200>, using cache ('styx.ics.uci.edu', 9007).
2026-05-01 15:46:19,963 - Worker-0 - INFO - Downloaded https://ics.uci.edu/~hziv/ooad/classes/sld001.htm, status <200>, using cache ('styx.ics.uci.edu', 9007).
2026-05-01 15:46:20,511 - Worker-0 - INFO - Downloaded http://www.ics.uci.edu/~ziv/diss/intropaper/intropaper.html, status <200>, using cache ('styx.ics.uci.edu', 9007).
2026-05-01 15:46:21,050 - Worker-0 - INFO - Downloaded https://ics.uci.edu/~hziv/diss/intropaper/node7.html, status <200>, using cache ('styx.ics.uci.edu', 9007).
2026-05-01 15:46:21,579 - Worker-0 - INFO - Downloaded https://ics.uci.edu/~hziv/diss/intropaper/intropaper.html, status <200>, using cache ('styx.ics.uci.edu', 9007).
2026-05-01 15:46:22,111 - Worker-0 - INFO - Downloaded https://ics.uci.edu/~hziv/diss/intropaper/node6.html, status <200>, using cache ('styx.ics.uci.edu', 9007).
2026-05-01 15:46:22,648 - Worker-0 - INFO - Downloaded https://ics.uci.edu/~hziv/diss/intropaper/node5.html, status <200>, using cache ('styx.ics.uci.edu', 9007).
2026-05-01 15:46:23,178 - Worker-0 - INFO - Downloaded https://ics.uci.edu/~hziv/diss/intropaper/node4.html, status <200>, using cache ('styx.ics.uci.edu', 9007).
2026-05-01 15:46:23,706 - Worker-0 - INFO - Downloaded https://ics.uci.edu/~hziv/diss/intropaper/node3.html, status <200>, using cache ('styx.ics.uci.edu', 9007).
2026-05-01 15:46:24,242 - Worker-0 - INFO - Downloaded https://ics.uci.edu/~hziv/diss/intropaper/node2.html, status <200>, using cache ('styx.ics.uci.edu', 9007).
2026-05-01 15:46:24,773 - Worker-0 - INFO - Downloaded https://ics.uci.edu/~hziv/diss/intropaper/node1.html, status <200>, using cache ('styx.ics.uci.edu', 9007).
2026-05-01 15:46:25,302 - Worker-0 - INFO - Downloaded http://www.ics.uci.edu/~ziv/diss/conclusionpaper/conclusionpaper.html, status <200>, using cache ('styx.ics.uci.edu', 9007).
2026-05-01 15:46:25,850 - Worker-0 - INFO - Downloaded https://ics.uci.edu/~hziv/diss/conclusionpaper/node9.html, status <200>, using cache ('styx.ics.uci.edu', 9007).
2026-05-01 15:46:26,378 - Worker-0 - INFO - Downloaded https://ics.uci.edu/~hziv/diss/conclusionpaper/node8.html, status <200>, using cache ('styx.ics.uci.edu', 9007).
2026-05-01 15:46:26,907 - Worker-0 - INFO - Downloaded https://ics.uci.edu/~hziv/diss/conclusionpaper/node7.html, status <200>, using cache ('styx.ics.uci.edu', 9007).
2026-05-01 15:46:27,434 - Worker-0 - INFO - Downloaded https://ics.uci.edu/~hziv/diss/conclusionpaper/node6.html, status <200>, using cache ('styx.ics.uci.edu', 9007).
2026-05-01 15:46:27,961 - Worker-0 - INFO - Downloaded https://ics.uci.edu/~hziv/diss/conclusionpaper/node5.html, status <200>, using cache ('styx.ics.uci.edu', 9007).
2026-05-01 15:46:28,488 - Worker-0 - INFO - Downloaded https://ics.uci.edu/~hziv/diss/conclusionpaper/node4.html, status <200>, using cache ('styx.ics.uci.edu', 9007).
2026-05-01 15:46:29,017 - Worker-0 - INFO - Downloaded https://ics.uci.edu/~hziv/diss/conclusionpaper/node3.html, status <200>, using cache ('styx.ics.uci.edu', 9007).
2026-05-01 15:46:29,546 - Worker-0 - INFO - Downloaded https://ics.uci.edu/~hziv/diss/conclusionpaper/node2.html, status <200>, using cache ('styx.ics.uci.edu', 9007).
2026-05-01 15:46:30,078 - Worker-0 - INFO - Downloaded https://ics.uci.edu/~hziv/diss/conclusionpaper/node11.html, status <200>, using cache ('styx.ics.uci.edu', 9007).
2026-05-01 15:46:30,607 - Worker-0 - INFO - Downloaded https://ics.uci.edu/~hziv/diss/conclusionpaper/conclusionpaper.html, status <200>, using cache ('styx.ics.uci.edu', 9007).
2026-05-01 15:46:31,138 - Worker-0 - INFO - Downloaded https://ics.uci.edu/~hziv/diss/conclusionpaper/node10.html, status <200>, using cache ('styx.ics.uci.edu', 9007).
2026-05-01 15:46:31,666 - Worker-0 - INFO - Downloaded https://ics.uci.edu/~hziv/diss/conclusionpaper/node1.html, status <200>, using cache ('styx.ics.uci.edu', 9007).
2026-05-01 15:46:32,196 - Worker-0 - INFO - Downloaded http://www.ics.uci.edu/~ziv/diss/abstractpaper/abstractpaper.html, status <200>, using cache ('styx.ics.uci.edu', 9007).
2026-05-01 15:46:32,727 - Worker-0 - INFO - Downloaded https://ics.uci.edu/~hziv/diss/abstractpaper/node2.html, status <200>, using cache ('styx.ics.uci.edu', 9007).
2026-05-01 15:46:33,256 - Worker-0 - INFO - Downloaded https://ics.uci.edu/~hziv/diss/abstractpaper/abstractpaper.html, status <200>, using cache ('styx.ics.uci.edu', 9007).
2026-05-01 15:46:33,784 - Worker-0 - INFO - Downloaded https://ics.uci.edu/~hziv/diss/abstractpaper/node1.html, status <200>, using cache ('styx.ics.uci.edu', 9007).
2026-05-01 15:46:34,311 - Worker-0 - INFO - Downloaded http://www.ics.uci.edu/~neno/interests.html, status <200>, using cache ('styx.ics.uci.edu', 9007).
2026-05-01 15:46:34,840 - Worker-0 - INFO - Downloaded http://www.ics.uci.edu/~ivan, status <500>, using cache ('styx.ics.uci.edu', 9007).
2026-05-01 15:46:35,350 - Worker-0 - INFO - Downloaded http://www.ics.uci.edu/~djr, status <200>, using cache ('styx.ics.uci.edu', 9007).
2026-05-01 15:46:35,861 - Worker-0 - INFO - Downloaded http://www.ics.uci.edu/icse97, status <404>, using cache ('styx.ics.uci.edu', 9007).
2026-05-01 15:46:36,371 - Worker-0 - INFO - Downloaded http://www.ics.uci.edu/WWWdocs/localFAQ.html, status <404>, using cache ('styx.ics.uci.edu', 9007).
2026-05-01 15:46:36,882 - Worker-0 - INFO - Downloaded http://www.ics.uci.edu/Arcadia/atUCI.html, status <404>, using cache ('styx.ics.uci.edu', 9007).
2026-05-01 15:46:37,392 - Worker-0 - INFO - Downloaded http://www.ics.uci.edu/~mmazmani, status <200>, using cache ('styx.ics.uci.edu', 9007).
2026-05-01 15:46:37,985 - Worker-0 - INFO - Downloaded https://www.informatics.uci.edu/explore/faculty-profiles/melissa-mazmanian, status <404>, using cache ('styx.ics.uci.edu', 9007).
2026-05-01 15:46:38,496 - Worker-0 - INFO - Downloaded https://mswe.ics.uci.edu, status <200>, using cache ('styx.ics.uci.edu', 9007).
2026-05-01 15:46:39,102 - Worker-0 - INFO - Downloaded https://mswe.ics.uci.edu/instructors-staff, status <200>, using cache ('styx.ics.uci.edu', 9007).
2026-05-01 15:46:39,744 - Worker-0 - INFO - Downloaded https://ics.uci.edu/?people=stacy-branham, status <200>, using cache ('styx.ics.uci.edu', 9007).
2026-05-01 15:46:40,272 - Worker-0 - INFO - Downloaded https://ics.uci.edu/?people=sam-malek, status <200>, using cache ('styx.ics.uci.edu', 9007).
2026-05-01 15:46:40,799 - Worker-0 - INFO - Downloaded https://ics.uci.edu/?people=rina-chamkrachang, status <200>, using cache ('styx.ics.uci.edu', 9007).
2026-05-01 15:46:41,403 - Worker-0 - INFO - Downloaded https://ics.uci.edu/people/rina-chamkrachang, status <608>, using cache ('styx.ics.uci.edu', 9007).
2026-05-01 15:46:41,912 - Worker-0 - INFO - Downloaded https://ics.uci.edu/?people=mohammad-moshirpour, status <200>, using cache ('styx.ics.uci.edu', 9007).
2026-05-01 15:46:42,439 - Worker-0 - INFO - Downloaded https://ics.uci.edu/?people=joshua-garcia, status <200>, using cache ('styx.ics.uci.edu', 9007).
2026-05-01 15:46:42,966 - Worker-0 - INFO - Downloaded https://ics.uci.edu/?people=james-jones, status <200>, using cache ('styx.ics.uci.edu', 9007).
2026-05-01 15:46:43,494 - Worker-0 - INFO - Downloaded https://ics.uci.edu/?people=jaclyn-kung, status <200>, using cache ('styx.ics.uci.edu', 9007).
2026-05-01 15:46:44,022 - Worker-0 - INFO - Downloaded https://ics.uci.edu/?people=iftekhar-ahmed, status <200>, using cache ('styx.ics.uci.edu', 9007).
2026-05-01 15:46:44,549 - Worker-0 - INFO - Downloaded https://ics.uci.edu/?people=hadar-ziv, status <200>, using cache ('styx.ics.uci.edu', 9007).
2026-05-01 15:46:45,076 - Worker-0 - INFO - Downloaded https://ics.uci.edu/?people=emily-navarro, status <200>, using cache ('styx.ics.uci.edu', 9007).
2026-05-01 15:46:45,603 - Worker-0 - INFO - Downloaded https://ics.uci.edu/?people=diane-flamm, status <200>, using cache ('styx.ics.uci.edu', 9007).
2026-05-01 15:46:46,208 - Worker-0 - INFO - Downloaded https://ics.uci.edu/people/diane-flamm, status <608>, using cache ('styx.ics.uci.edu', 9007).
2026-05-01 15:46:46,718 - Worker-0 - INFO - Downloaded https://ics.uci.edu/?people=david-lennox, status <200>, using cache ('styx.ics.uci.edu', 9007).
2026-05-01 15:46:47,246 - Worker-0 - INFO - Downloaded https://ics.uci.edu/?people=cristina-lopes, status <200>, using cache ('styx.ics.uci.edu', 9007).
2026-05-01 15:46:47,780 - Worker-0 - INFO - Downloaded https://ics.uci.edu/?people=anto-park, status <200>, using cache ('styx.ics.uci.edu', 9007).
2026-05-01 15:46:48,397 - Worker-0 - INFO - Downloaded https://ics.uci.edu/people/anto-park, status <608>, using cache ('styx.ics.uci.edu', 9007).
2026-05-01 15:46:48,906 - Worker-0 - INFO - Downloaded https://ics.uci.edu/?people=andre-van-der-hoek, status <200>, using cache ('styx.ics.uci.edu', 9007).
2026-05-01 15:46:49,438 - Worker-0 - INFO - Downloaded https://ics.uci.edu/?people=alberto-krone-martins, status <200>, using cache ('styx.ics.uci.edu', 9007).
2026-05-01 15:46:49,967 - Worker-0 - INFO - Downloaded https://mswe.ics.uci.edu/how-to-apply, status <200>, using cache ('styx.ics.uci.edu', 9007).
2026-05-01 15:46:50,554 - Worker-0 - INFO - Downloaded https://www.informatics.uci.edu/grad/ms-software-engineering, status <200>, using cache ('styx.ics.uci.edu', 9007).
2026-05-01 15:46:51,136 - Worker-0 - INFO - Downloaded https://www.informatics.uci.edu/grad/phd-software-engineering, status <200>, using cache ('styx.ics.uci.edu', 9007).
2026-05-01 15:46:51,749 - Worker-0 - INFO - Downloaded https://informatics.ics.uci.edu/phd-software-engineering, status <200>, using cache ('styx.ics.uci.edu', 9007).
2026-05-01 15:46:52,319 - Worker-0 - INFO - Downloaded https://www.informatics.uci.edu/grad/mswe, status <200>, using cache ('styx.ics.uci.edu', 9007).
2026-05-01 15:46:52,892 - Worker-0 - INFO - Downloaded https://informatics.ics.uci.edu/mswe, status <200>, using cache ('styx.ics.uci.edu', 9007).
2026-05-01 15:46:53,464 - Worker-0 - INFO - Downloaded https://informatics.ics.uci.edu/ms-software-engineering, status <200>, using cache ('styx.ics.uci.edu', 9007).
2026-05-01 15:46:54,035 - Worker-0 - INFO - Downloaded http://www.informatics.uci.edu/research/labs-centers, status <404>, using cache ('styx.ics.uci.edu', 9007).
2026-05-01 15:46:54,545 - Worker-0 - INFO - Downloaded http://www.informatics.uci.edu/menu-very-top/contact, status <200>, using cache ('styx.ics.uci.edu', 9007).
2026-05-01 15:46:55,128 - Worker-0 - INFO - Downloaded https://ics.uci.edu/?people=yvette-cruz, status <200>, using cache ('styx.ics.uci.edu', 9007).
2026-05-01 15:46:55,730 - Worker-0 - INFO - Downloaded https://ics.uci.edu/people/yvette-cruz, status <608>, using cache ('styx.ics.uci.edu', 9007).
2026-05-01 15:46:56,240 - Worker-0 - INFO - Downloaded https://ics.uci.edu/?people=stephanie-wang, status <200>, using cache ('styx.ics.uci.edu', 9007).
2026-05-01 15:46:56,842 - Worker-0 - INFO - Downloaded https://ics.uci.edu/people/stephanie-wang, status <608>, using cache ('styx.ics.uci.edu', 9007).
2026-05-01 15:46:57,352 - Worker-0 - INFO - Downloaded https://ics.uci.edu/?people=adriana-avina, status <200>, using cache ('styx.ics.uci.edu', 9007).
2026-05-01 15:46:57,952 - Worker-0 - INFO - Downloaded https://ics.uci.edu/people/adriana-avina, status <608>, using cache ('styx.ics.uci.edu', 9007).
2026-05-01 15:46:58,467 - Worker-0 - INFO - Downloaded https://www.ics.uci.edu/grad/admissions/comparison_chart_masters, status <200>, using cache ('styx.ics.uci.edu', 9007).
2026-05-01 15:46:59,096 - Worker-0 - INFO - Downloaded https://swiki.ics.uci.edu/doku.php, status <200>, using cache ('styx.ics.uci.edu', 9007).
2026-05-01 15:46:59,714 - Worker-0 - INFO - Downloaded https://wiki.ics.uci.edu/doku.php/wiki:wiki, status <200>, using cache ('styx.ics.uci.edu', 9007).
2026-05-01 15:47:00,296 - Worker-0 - INFO - Downloaded https://wiki.ics.uci.edu/doku.php/wiki:syntax, status <200>, using cache ('styx.ics.uci.edu', 9007).
2026-05-01 15:47:00,950 - Worker-0 - INFO - Downloaded https://wiki.ics.uci.edu/lib/exe/fetch.php?media=http%3A%2F%2Fde3.php.net%2Fimages%2Fphp.gif&tok=d77876, status <601>, using cache ('styx.ics.uci.edu', 9007).
2026-05-01 15:47:01,460 - Worker-0 - INFO - Downloaded https://wiki.ics.uci.edu/doku.php/wiki:syntax?codeblock=6&do=export_code, status <200>, using cache ('styx.ics.uci.edu', 9007).
2026-05-01 15:47:01,970 - Worker-0 - INFO - Downloaded https://wiki.ics.uci.edu/doku.php/wiki:pagename, status <200>, using cache ('styx.ics.uci.edu', 9007).
2026-05-01 15:47:02,520 - Worker-0 - INFO - Downloaded https://wiki.ics.uci.edu/doku.php/wiki:nonexisting, status <200>, using cache ('styx.ics.uci.edu', 9007).
2026-05-01 15:47:03,070 - Worker-0 - INFO - Downloaded https://wiki.ics.uci.edu/doku.php/some:namespaces, status <200>, using cache ('styx.ics.uci.edu', 9007).
2026-05-01 15:47:03,610 - Worker-0 - INFO - Downloaded https://wiki.ics.uci.edu/doku.php/accounts:account_activation, status <200>, using cache ('styx.ics.uci.edu', 9007).
2026-05-01 15:47:04,205 - Worker-0 - INFO - Downloaded https://wiki.ics.uci.edu/doku.php/accounts:using_vscode_with_slurm, status <200>, using cache ('styx.ics.uci.edu', 9007).
2026-05-01 15:47:04,782 - Worker-0 - INFO - Downloaded https://wiki.ics.uci.edu/doku.php/services:slurm, status <200>, using cache ('styx.ics.uci.edu', 9007).
2026-05-01 15:47:05,540 - Worker-0 - INFO - Downloaded https://wiki.ics.uci.edu/doku.php/software:packages:slurm, status <200>, using cache ('styx.ics.uci.edu', 9007).
2026-05-01 15:47:06,078 - Worker-0 - INFO - Downloaded https://wiki.ics.uci.edu/doku.php/services:vault, status <200>, using cache ('styx.ics.uci.edu', 9007).
2026-05-01 15:47:06,618 - Worker-0 - INFO - Downloaded https://wiki.ics.uci.edu/doku.php/services:supported_os, status <200>, using cache ('styx.ics.uci.edu', 9007).
2026-05-01 15:47:07,276 - Worker-0 - INFO - Downloaded https://wiki.ics.uci.edu/doku.php/virtual_environments:docker, status <200>, using cache ('styx.ics.uci.edu', 9007).
2026-05-01 15:47:07,814 - Worker-0 - INFO - Downloaded https://wiki.ics.uci.edu/doku.php/software:software_library, status <200>, using cache ('styx.ics.uci.edu', 9007).
2026-05-01 15:47:08,352 - Worker-0 - INFO - Downloaded https://wiki.ics.uci.edu/doku.php/services:pxe, status <200>, using cache ('styx.ics.uci.edu', 9007).
2026-05-01 15:47:08,891 - Worker-0 - INFO - Downloaded https://wiki.ics.uci.edu/doku.php/services:puppet, status <200>, using cache ('styx.ics.uci.edu', 9007).
2026-05-01 15:47:09,429 - Worker-0 - INFO - Downloaded https://wiki.ics.uci.edu/doku.php/services:monitoring:nagios, status <200>, using cache ('styx.ics.uci.edu', 9007).
2026-05-01 15:47:09,969 - Worker-0 - INFO - Downloaded https://wiki.ics.uci.edu/doku.php/services:ldap, status <200>, using cache ('styx.ics.uci.edu', 9007).
2026-05-01 15:47:10,509 - Worker-0 - INFO - Downloaded https://wiki.ics.uci.edu/doku.php/services:kerberos, status <200>, using cache ('styx.ics.uci.edu', 9007).
2026-05-01 15:47:11,048 - Worker-0 - INFO - Downloaded https://wiki.ics.uci.edu/doku.php/services:datacenter:cs, status <200>, using cache ('styx.ics.uci.edu', 9007).
2026-05-01 15:47:11,653 - Worker-0 - INFO - Downloaded https://wiki.ics.uci.edu/doku.php/services:purchases:purchases, status <200>, using cache ('styx.ics.uci.edu', 9007).
2026-05-01 15:47:12,193 - Worker-0 - INFO - Downloaded https://wiki.ics.uci.edu/doku.php/hardware:ewaste, status <200>, using cache ('styx.ics.uci.edu', 9007).
2026-05-01 15:47:12,733 - Worker-0 - INFO - Downloaded https://swiki.ics.uci.edu/doku.php/services:supported_os, status <200>, using cache ('styx.ics.uci.edu', 9007).
2026-05-01 15:47:13,339 - Worker-0 - INFO - Downloaded https://observium.ics.uci.edu/device/device=114, status <608>, using cache ('styx.ics.uci.edu', 9007).
2026-05-01 15:47:13,849 - Worker-0 - INFO - Downloaded https://wiki.ics.uci.edu/doku.php/policies:sudoers, status <200>, using cache ('styx.ics.uci.edu', 9007).
2026-05-01 15:47:14,454 - Worker-0 - INFO - Downloaded https://wiki.ics.uci.edu/doku.php/virtual_environments:jupyterhub, status <200>, using cache ('styx.ics.uci.edu', 9007).
2026-05-01 15:47:15,015 - Worker-0 - INFO - Downloaded https://wiki.ics.uci.edu/doku.php/virtual_environments:singularity, status <200>, using cache ('styx.ics.uci.edu', 9007).
2026-05-01 15:47:15,657 - Worker-0 - INFO - Downloaded https://wiki.ics.uci.edu/doku.php/virtual_environments:singularity:shiny, status <200>, using cache ('styx.ics.uci.edu', 9007).
2026-05-01 15:47:16,197 - Worker-0 - INFO - Downloaded https://wiki.ics.uci.edu/doku.php/virtual_environments:cgroups, status <200>, using cache ('styx.ics.uci.edu', 9007).
2026-05-01 15:47:16,736 - Worker-0 - INFO - Downloaded https://wiki.ics.uci.edu/doku.php/software:tensorflow, status <200>, using cache ('styx.ics.uci.edu', 9007).
2026-05-01 15:47:17,275 - Worker-0 - INFO - Downloaded https://wiki.ics.uci.edu/doku.php/software:packages:singularity, status <200>, using cache ('styx.ics.uci.edu', 9007).
2026-05-01 15:47:17,815 - Worker-0 - INFO - Downloaded https://wiki.ics.uci.edu/doku.php/services:harbor, status <200>, using cache ('styx.ics.uci.edu', 9007).
2026-05-01 15:47:18,353 - Worker-0 - INFO - Downloaded https://wiki.ics.uci.edu/doku.php/instructional_support:openlab, status <200>, using cache ('styx.ics.uci.edu', 9007).
2026-05-01 15:47:18,949 - Worker-0 - INFO - Downloaded https://wiki.ics.uci.edu/doku.php/virtual_environments:start, status <200>, using cache ('styx.ics.uci.edu', 9007).
2026-05-01 15:47:19,490 - Worker-0 - INFO - Downloaded https://wiki.ics.uci.edu/doku.php/services:ssh_access, status <200>, using cache ('styx.ics.uci.edu', 9007).
2026-05-01 15:47:20,029 - Worker-0 - INFO - Downloaded https://wiki.ics.uci.edu/doku.php/network:campus:campusvpn, status <200>, using cache ('styx.ics.uci.edu', 9007).
2026-05-01 15:47:20,569 - Worker-0 - INFO - Downloaded https://wiki.ics.uci.edu/doku.php/instructional_support:start, status <200>, using cache ('styx.ics.uci.edu', 9007).
2026-05-01 15:47:21,119 - Worker-0 - INFO - Downloaded https://wiki.ics.uci.edu/doku.php/instructional_support:instructional_labs, status <200>, using cache ('styx.ics.uci.edu', 9007).
2026-05-01 15:47:21,680 - Worker-0 - INFO - Downloaded https://ics.uci.edu/~lab/lab_schedule/schedules/192.html, status <200>, using cache ('styx.ics.uci.edu', 9007).
2026-05-01 15:47:22,212 - Worker-0 - INFO - Downloaded https://ics.uci.edu/~lab/lab_schedule/schedules/189.html, status <200>, using cache ('styx.ics.uci.edu', 9007).
2026-05-01 15:47:22,742 - Worker-0 - INFO - Downloaded https://ics.uci.edu/~lab/lab_schedule/schedules/183.html, status <200>, using cache ('styx.ics.uci.edu', 9007).
2026-05-01 15:47:23,273 - Worker-0 - INFO - Downloaded https://wiki.ics.uci.edu/doku.php/courses:openlab_faq, status <200>, using cache ('styx.ics.uci.edu', 9007).
2026-05-01 15:47:23,811 - Worker-0 - INFO - Downloaded https://wiki.ics.uci.edu/doku.php/accounts:restore_unix_dot_files, status <200>, using cache ('styx.ics.uci.edu', 9007).
2026-05-01 15:47:24,350 - Worker-0 - INFO - Downloaded https://swiki.ics.uci.edu/doku.php/commands:screen, status <200>, using cache ('styx.ics.uci.edu', 9007).
2026-05-01 15:47:24,931 - Worker-0 - INFO - Downloaded https://wiki.ics.uci.edu/doku.php/commands:screen, status <200>, using cache ('styx.ics.uci.edu', 9007).
2026-05-01 15:47:25,501 - Worker-0 - INFO - Downloaded https://wiki.ics.uci.edu/doku.php/commands:mount_ntfs, status <200>, using cache ('styx.ics.uci.edu', 9007).
2026-05-01 15:47:26,060 - Worker-0 - INFO - Downloaded https://wiki.ics.uci.edu/doku.php/commands:keytool, status <200>, using cache ('styx.ics.uci.edu', 9007).
2026-05-01 15:47:26,626 - Worker-0 - INFO - Downloaded http://www.ics.uci.edu/~dutran/save/SSLPoke.class, status <403>, using cache ('styx.ics.uci.edu', 9007).
2026-05-01 15:47:27,135 - Worker-0 - INFO - Downloaded https://wiki.ics.uci.edu/doku.php/commands:gsu, status <200>, using cache ('styx.ics.uci.edu', 9007).
2026-05-01 15:47:27,695 - Worker-0 - INFO - Downloaded https://wiki.ics.uci.edu/doku.php/commands:git, status <200>, using cache ('styx.ics.uci.edu', 9007).
2026-05-01 15:47:28,262 - Worker-0 - INFO - Downloaded https://wiki.ics.uci.edu/doku.php/commands:file_security, status <200>, using cache ('styx.ics.uci.edu', 9007).
2026-05-01 15:47:28,876 - Worker-0 - INFO - Downloaded https://wiki.ics.uci.edu/doku.php/commands:basic_unix, status <200>, using cache ('styx.ics.uci.edu', 9007).
2026-05-01 15:47:29,448 - Worker-0 - INFO - Downloaded http://circinus-14.ics.uci.edu, status <601>, using cache ('styx.ics.uci.edu', 9007).
2026-05-01 15:47:29,957 - Worker-0 - INFO - Downloaded http://biaslab0.ics.uci.edu:11434, status <601>, using cache ('styx.ics.uci.edu', 9007).
2026-05-01 15:47:30,466 - Worker-0 - INFO - Downloaded https://wiki.ics.uci.edu/doku.php/virtual_environments:google_cloud, status <200>, using cache ('styx.ics.uci.edu', 9007).
2026-05-01 15:47:31,057 - Worker-0 - INFO - Downloaded https://wiki.ics.uci.edu/doku.php/accounts:faqs, status <200>, using cache ('styx.ics.uci.edu', 9007).
2026-05-01 15:47:31,598 - Worker-0 - INFO - Downloaded http://www.ics.uci.edu/computing/email/google_apps.php, status <404>, using cache ('styx.ics.uci.edu', 9007).
2026-05-01 15:47:32,108 - Worker-0 - INFO - Downloaded https://wiki.ics.uci.edu/doku.php/instructional_support:openlab_jupyterhub, status <200>, using cache ('styx.ics.uci.edu', 9007).
2026-05-01 15:47:32,742 - Worker-0 - INFO - Downloaded https://wiki.ics.uci.edu/doku.php/virtual_environments:kubernetes, status <200>, using cache ('styx.ics.uci.edu', 9007).
2026-05-01 15:47:33,280 - Worker-0 - INFO - Downloaded https://wiki.ics.uci.edu/doku.php/services:sftp, status <200>, using cache ('styx.ics.uci.edu', 9007).
2026-05-01 15:47:33,819 - Worker-0 - INFO - Downloaded https://wiki.ics.uci.edu/doku.php/group:support:services:samba, status <200>, using cache ('styx.ics.uci.edu', 9007).
2026-05-01 15:47:34,359 - Worker-0 - INFO - Downloaded https://support.ics.uci.edu/elnino2, status <200>, using cache ('styx.ics.uci.edu', 9007).
2026-05-01 15:47:34,893 - Worker-0 - INFO - Downloaded https://support.ics.uci.edu/elnino2/web, status <200>, using cache ('styx.ics.uci.edu', 9007).
2026-05-01 15:47:35,426 - Worker-0 - INFO - Downloaded https://staging-hub.ics.uci.edu, status <200>, using cache ('styx.ics.uci.edu', 9007).
2026-05-01 15:47:35,965 - Worker-0 - INFO - Downloaded https://swiki.ics.uci.edu/doku.php/virtual_environments:jupyterhub, status <200>, using cache ('styx.ics.uci.edu', 9007).
2026-05-01 15:47:36,517 - Worker-0 - INFO - Downloaded https://staging-hub.ics.uci.edu/hub, status <200>, using cache ('styx.ics.uci.edu', 9007).
2026-05-01 15:47:37,051 - Worker-0 - INFO - Downloaded https://julia-hub.ics.uci.edu, status <200>, using cache ('styx.ics.uci.edu', 9007).
2026-05-01 15:47:37,622 - Worker-0 - INFO - Downloaded https://julia-hub.ics.uci.edu/hub, status <200>, using cache ('styx.ics.uci.edu', 9007).
2026-05-01 15:47:38,155 - Worker-0 - INFO - Downloaded https://hub.ics.uci.edu/hub/home, status <200>, using cache ('styx.ics.uci.edu', 9007).
2026-05-01 15:47:38,691 - Worker-0 - INFO - Downloaded https://hub.ics.uci.edu/hub, status <200>, using cache ('styx.ics.uci.edu', 9007).
2026-05-01 15:47:39,227 - Worker-0 - INFO - Downloaded https://wiki.ics.uci.edu/doku.php/software:python, status <200>, using cache ('styx.ics.uci.edu', 9007).
2026-05-01 15:47:39,766 - Worker-0 - INFO - Downloaded https://wiki.ics.uci.edu/doku.php/software:personal_library, status <200>, using cache ('styx.ics.uci.edu', 9007).
2026-05-01 15:47:40,305 - Worker-0 - INFO - Downloaded https://wiki.ics.uci.edu/doku.php/software:nodejs, status <200>, using cache ('styx.ics.uci.edu', 9007).
2026-05-01 15:47:40,845 - Worker-0 - INFO - Downloaded https://wiki.ics.uci.edu/doku.php/services:monitoring:icinga2, status <200>, using cache ('styx.ics.uci.edu', 9007).
2026-05-01 15:47:41,384 - Worker-0 - INFO - Downloaded https://wiki.ics.uci.edu/doku.php/services:monitoring:grafana, status <200>, using cache ('styx.ics.uci.edu', 9007).
2026-05-01 15:47:41,924 - Worker-0 - INFO - Downloaded https://wiki.ics.uci.edu/doku.php/services:database:mysql:unprivileged-users, status <200>, using cache ('styx.ics.uci.edu', 9007).
2026-05-01 15:47:42,464 - Worker-0 - INFO - Downloaded https://wiki.ics.uci.edu/doku.php/network:firewall:iptables, status <200>, using cache ('styx.ics.uci.edu', 9007).
2026-05-01 15:47:43,007 - Worker-0 - INFO - Downloaded https://wiki.ics.uci.edu/doku.php/accounts:mapping_network_drive, status <200>, using cache ('styx.ics.uci.edu', 9007).
2026-05-01 15:47:43,548 - Worker-0 - INFO - Downloaded https://hub.ics.uci.edu, status <200>, using cache ('styx.ics.uci.edu', 9007).
2026-05-01 15:47:44,082 - Worker-0 - INFO - Downloaded https://wiki.ics.uci.edu/doku.php/policies:backup, status <200>, using cache ('styx.ics.uci.edu', 9007).
2026-05-01 15:47:44,638 - Worker-0 - INFO - Downloaded https://wiki.ics.uci.edu/doku.php/hardware:storage:tardigrade, status <200>, using cache ('styx.ics.uci.edu', 9007).
2026-05-01 15:47:45,177 - Worker-0 - INFO - Downloaded https://wiki.ics.uci.edu/doku.php/hardware:storage:cybertron, status <200>, using cache ('styx.ics.uci.edu', 9007).
2026-05-01 15:47:45,717 - Worker-0 - INFO - Downloaded http://www.ics.uci.edu/computing/contact/helpdesk.php, status <404>, using cache ('styx.ics.uci.edu', 9007).
2026-05-01 15:47:46,225 - Worker-0 - INFO - Downloaded https://wiki.ics.uci.edu/doku.php/services:rstudio, status <200>, using cache ('styx.ics.uci.edu', 9007).
2026-05-01 15:47:46,785 - Worker-0 - INFO - Downloaded https://wiki.ics.uci.edu/doku.php/services:monitoring, status <200>, using cache ('styx.ics.uci.edu', 9007).
2026-05-01 15:47:47,376 - Worker-0 - INFO - Downloaded https://www.ics.uci.edu/weblogs/www, status <403>, using cache ('styx.ics.uci.edu', 9007).
2026-05-01 15:47:47,885 - Worker-0 - INFO - Downloaded https://wiki.ics.uci.edu/doku.php/services:monitoring:observium, status <200>, using cache ('styx.ics.uci.edu', 9007).
2026-05-01 15:47:48,426 - Worker-0 - INFO - Downloaded https://wiki.ics.uci.edu/doku.php/services:monitoring:diskhog, status <200>, using cache ('styx.ics.uci.edu', 9007).
2026-05-01 15:47:48,966 - Worker-0 - INFO - Downloaded https://wiki.ics.uci.edu/doku.php/services:elk, status <200>, using cache ('styx.ics.uci.edu', 9007).
2026-05-01 15:47:49,505 - Worker-0 - INFO - Downloaded https://moe.lom.ics.uci.edu, status <601>, using cache ('styx.ics.uci.edu', 9007).
2026-05-01 15:47:50,014 - Worker-0 - INFO - Downloaded https://larry.lom.ics.uci.edu, status <601>, using cache ('styx.ics.uci.edu', 9007).
2026-05-01 15:47:50,523 - Worker-0 - INFO - Downloaded https://grafana.ics.uci.edu/d/6f6eeb60-af9d-4c8c-8e5e-0a488bd2f7de/thermal-reckoning?from=now-6h&orgId=1&timezone=browser&to=now, status <608>, using cache ('styx.ics.uci.edu', 9007).
2026-05-01 15:47:51,032 - Worker-0 - INFO - Downloaded https://dale-cooper-v0.ics.uci.edu/status, status <200>, using cache ('styx.ics.uci.edu', 9007).
2026-05-01 15:47:51,604 - Worker-0 - INFO - Downloaded https://dale-cooper-v0.ics.uci.edu/status/?skin=skin-yellow-light, status <200>, using cache ('styx.ics.uci.edu', 9007).
2026-05-01 15:47:52,150 - Worker-0 - INFO - Downloaded https://dale-cooper-v0.ics.uci.edu/status/?lang=en&skin=skin-yellow-light, status <200>, using cache ('styx.ics.uci.edu', 9007).
2026-05-01 15:47:52,712 - Worker-0 - INFO - Downloaded https://dale-cooper-v0.ics.uci.edu/status/?lang=en&skin=skin-yellow, status <200>, using cache ('styx.ics.uci.edu', 9007).
2026-05-01 15:47:53,257 - Worker-0 - INFO - Downloaded https://dale-cooper-v0.ics.uci.edu/status/?lang=de&skin=skin-yellow, status <200>, using cache ('styx.ics.uci.edu', 9007).
2026-05-01 15:47:53,816 - Worker-0 - INFO - Downloaded https://dale-cooper-v0.ics.uci.edu/status/?lang=de&skin=skin-red-light, status <200>, using cache ('styx.ics.uci.edu', 9007).
2026-05-01 15:47:54,360 - Worker-0 - INFO - Downloaded https://dale-cooper-v0.ics.uci.edu/status/?lang=de&skin=skin-red, status <200>, using cache ('styx.ics.uci.edu', 9007).
2026-05-01 15:47:54,903 - Worker-0 - INFO - Downloaded https://dale-cooper-v0.ics.uci.edu/status/?lang=de&skin=skin-purple-light, status <200>, using cache ('styx.ics.uci.edu', 9007).
2026-05-01 15:47:55,445 - Worker-0 - INFO - Downloaded https://dale-cooper-v0.ics.uci.edu/status/?lang=de&skin=skin-purple, status <200>, using cache ('styx.ics.uci.edu', 9007).
2026-05-01 15:47:55,991 - Worker-0 - INFO - Downloaded https://dale-cooper-v0.ics.uci.edu/status/?lang=de&skin=skin-green-light, status <200>, using cache ('styx.ics.uci.edu', 9007).
2026-05-01 15:47:56,516 - Worker-0 - INFO - Downloaded https://dale-cooper-v0.ics.uci.edu/status/?lang=de&skin=skin-green, status <200>, using cache ('styx.ics.uci.edu', 9007).
2026-05-01 15:47:57,043 - Worker-0 - INFO - Downloaded https://dale-cooper-v0.ics.uci.edu/status/?lang=de&skin=skin-blue-light, status <200>, using cache ('styx.ics.uci.edu', 9007).
2026-05-01 15:47:57,569 - Worker-0 - INFO - Downloaded https://dale-cooper-v0.ics.uci.edu/status/?lang=de&skin=skin-blue, status <200>, using cache ('styx.ics.uci.edu', 9007).
2026-05-01 15:47:58,094 - Worker-0 - INFO - Downloaded https://dale-cooper-v0.ics.uci.edu/status/?lang=de&skin=skin-black-light, status <200>, using cache ('styx.ics.uci.edu', 9007).
2026-05-01 15:47:58,620 - Worker-0 - INFO - Downloaded https://dale-cooper-v0.ics.uci.edu/status/?lang=de&skin=skin-black, status <200>, using cache ('styx.ics.uci.edu', 9007).
2026-05-01 15:47:59,145 - Worker-0 - INFO - Downloaded https://dale-cooper-v0.ics.uci.edu/status/?lang=en&skin=skin-red-light, status <200>, using cache ('styx.ics.uci.edu', 9007).
2026-05-01 15:47:59,674 - Worker-0 - INFO - Downloaded https://dale-cooper-v0.ics.uci.edu/status/?lang=en&skin=skin-red, status <200>, using cache ('styx.ics.uci.edu', 9007).
2026-05-01 15:48:00,199 - Worker-0 - INFO - Downloaded https://dale-cooper-v0.ics.uci.edu/status/?lang=en&skin=skin-purple-light, status <200>, using cache ('styx.ics.uci.edu', 9007).
2026-05-01 15:48:00,725 - Worker-0 - INFO - Downloaded https://dale-cooper-v0.ics.uci.edu/status/?lang=en&skin=skin-purple, status <200>, using cache ('styx.ics.uci.edu', 9007).
2026-05-01 15:48:01,250 - Worker-0 - INFO - Downloaded https://dale-cooper-v0.ics.uci.edu/status/?lang=en&skin=skin-green-light, status <200>, using cache ('styx.ics.uci.edu', 9007).
2026-05-01 15:48:01,778 - Worker-0 - INFO - Downloaded https://dale-cooper-v0.ics.uci.edu/status/?lang=en&skin=skin-green, status <200>, using cache ('styx.ics.uci.edu', 9007).
2026-05-01 15:48:02,303 - Worker-0 - INFO - Downloaded https://dale-cooper-v0.ics.uci.edu/status/?lang=en&skin=skin-blue-light, status <200>, using cache ('styx.ics.uci.edu', 9007).
2026-05-01 15:48:02,828 - Worker-0 - INFO - Downloaded https://dale-cooper-v0.ics.uci.edu/status/?lang=en&skin=skin-blue, status <200>, using cache ('styx.ics.uci.edu', 9007).
2026-05-01 15:48:03,355 - Worker-0 - INFO - Downloaded https://dale-cooper-v0.ics.uci.edu/status/?lang=en&skin=skin-black-light, status <200>, using cache ('styx.ics.uci.edu', 9007).
2026-05-01 15:48:03,883 - Worker-0 - INFO - Downloaded https://dale-cooper-v0.ics.uci.edu/status/?lang=en&skin=skin-black, status <200>, using cache ('styx.ics.uci.edu', 9007).
2026-05-01 15:48:04,408 - Worker-0 - INFO - Downloaded https://dale-cooper-v0.ics.uci.edu/status/?lang=de&skin=skin-yellow-light, status <200>, using cache ('styx.ics.uci.edu', 9007).
2026-05-01 15:48:04,933 - Worker-0 - INFO - Downloaded https://dale-cooper-v0.ics.uci.edu/status/?skin=skin-yellow, status <200>, using cache ('styx.ics.uci.edu', 9007).
2026-05-01 15:48:05,459 - Worker-0 - INFO - Downloaded https://dale-cooper-v0.ics.uci.edu/status/?skin=skin-red-light, status <200>, using cache ('styx.ics.uci.edu', 9007).
2026-05-01 15:48:05,987 - Worker-0 - INFO - Downloaded https://dale-cooper-v0.ics.uci.edu/status/?skin=skin-red, status <200>, using cache ('styx.ics.uci.edu', 9007).
2026-05-01 15:48:06,529 - Worker-0 - INFO - Downloaded https://dale-cooper-v0.ics.uci.edu/status/?skin=skin-purple-light, status <200>, using cache ('styx.ics.uci.edu', 9007).
2026-05-01 15:48:07,054 - Worker-0 - INFO - Downloaded https://dale-cooper-v0.ics.uci.edu/status/?skin=skin-purple, status <200>, using cache ('styx.ics.uci.edu', 9007).
2026-05-01 15:48:07,579 - Worker-0 - INFO - Downloaded https://dale-cooper-v0.ics.uci.edu/status/?skin=skin-green-light, status <200>, using cache ('styx.ics.uci.edu', 9007).
2026-05-01 15:48:08,105 - Worker-0 - INFO - Downloaded https://dale-cooper-v0.ics.uci.edu/status/?skin=skin-green, status <200>, using cache ('styx.ics.uci.edu', 9007).
2026-05-01 15:48:08,632 - Worker-0 - INFO - Downloaded https://dale-cooper-v0.ics.uci.edu/status/?skin=skin-blue-light, status <200>, using cache ('styx.ics.uci.edu', 9007).
2026-05-01 15:48:09,158 - Worker-0 - INFO - Downloaded https://dale-cooper-v0.ics.uci.edu/status/?skin=skin-blue, status <200>, using cache ('styx.ics.uci.edu', 9007).
2026-05-01 15:48:09,684 - Worker-0 - INFO - Downloaded https://dale-cooper-v0.ics.uci.edu/status/?skin=skin-black-light, status <200>, using cache ('styx.ics.uci.edu', 9007).
2026-05-01 15:48:10,209 - Worker-0 - INFO - Downloaded https://dale-cooper-v0.ics.uci.edu/status/?skin=skin-black, status <200>, using cache ('styx.ics.uci.edu', 9007).
2026-05-01 15:48:10,736 - Worker-0 - INFO - Downloaded https://dale-cooper-v0.ics.uci.edu/status/?lang=en, status <200>, using cache ('styx.ics.uci.edu', 9007).
2026-05-01 15:48:11,263 - Worker-0 - INFO - Downloaded https://dale-cooper-v0.ics.uci.edu/status/?lang=de, status <200>, using cache ('styx.ics.uci.edu', 9007).
2026-05-01 15:48:11,787 - Worker-0 - INFO - Downloaded https://dale-cooper-v0.ics.uci.edu/phpfpm.php, status <200>, using cache ('styx.ics.uci.edu', 9007).
2026-05-01 15:48:12,355 - Worker-0 - INFO - Downloaded https://curly.lom.ics.uci.edu, status <601>, using cache ('styx.ics.uci.edu', 9007).
2026-05-01 15:48:12,863 - Worker-0 - INFO - Downloaded http://archimedes.ics.uci.edu, status <601>, using cache ('styx.ics.uci.edu', 9007).
2026-05-01 15:48:13,372 - Worker-0 - INFO - Downloaded https://wiki.ics.uci.edu/doku.php/services:instruction_gitlab, status <200>, using cache ('styx.ics.uci.edu', 9007).
2026-05-01 15:48:13,929 - Worker-0 - INFO - Downloaded https://wiki.ics.uci.edu/doku.php/services:emailproofpoint, status <200>, using cache ('styx.ics.uci.edu', 9007).
2026-05-01 15:48:14,492 - Worker-0 - INFO - Downloaded https://wiki.ics.uci.edu/doku.php/services:datacenter, status <200>, using cache ('styx.ics.uci.edu', 9007).
2026-05-01 15:48:15,051 - Worker-0 - INFO - Downloaded https://wiki.ics.uci.edu/doku.php/services:datacenter:ics2, status <200>, using cache ('styx.ics.uci.edu', 9007).
2026-05-01 15:48:15,591 - Worker-0 - INFO - Downloaded https://wiki.ics.uci.edu/doku.php/services:ada, status <200>, using cache ('styx.ics.uci.edu', 9007).
2026-05-01 15:48:16,186 - Worker-0 - INFO - Downloaded https://wiki.ics.uci.edu/doku.php/research_support:slurm, status <200>, using cache ('styx.ics.uci.edu', 9007).
2026-05-01 15:48:16,745 - Worker-0 - INFO - Downloaded https://wiki.ics.uci.edu/doku.php/hardware:identify_hardware_components_in_linux, status <200>, using cache ('styx.ics.uci.edu', 9007).
2026-05-01 15:48:17,285 - Worker-0 - INFO - Downloaded https://wiki.ics.uci.edu/doku.php/group:support:services:slurm_management, status <200>, using cache ('styx.ics.uci.edu', 9007).
2026-05-01 15:48:17,827 - Worker-0 - INFO - Downloaded https://wiki.ics.uci.edu/doku.php/commands:modules, status <200>, using cache ('styx.ics.uci.edu', 9007).
2026-05-01 15:48:18,405 - Worker-0 - INFO - Downloaded https://wiki.ics.uci.edu/doku.php/accounts:changing_your_shell, status <200>, using cache ('styx.ics.uci.edu', 9007).
2026-05-01 15:48:18,964 - Worker-0 - INFO - Downloaded https://wiki.ics.uci.edu/doku.php/hardware:cluster:openlab, status <200>, using cache ('styx.ics.uci.edu', 9007).
2026-05-01 15:48:19,567 - Worker-0 - INFO - Downloaded https://wiki.ics.uci.edu/doku.php/hardware:wifi, status <200>, using cache ('styx.ics.uci.edu', 9007).
2026-05-01 15:48:20,140 - Worker-0 - INFO - Downloaded https://wiki.ics.uci.edu/doku.php/hardware:storage:storage, status <200>, using cache ('styx.ics.uci.edu', 9007).
2026-05-01 15:48:20,710 - Worker-0 - INFO - Downloaded https://wiki.ics.uci.edu/doku.php/hardware:storage:onedrivefilesystem, status <200>, using cache ('styx.ics.uci.edu', 9007).
2026-05-01 15:48:21,267 - Worker-0 - INFO - Downloaded https://wiki.ics.uci.edu/doku.php/storage:onedrive, status <200>, using cache ('styx.ics.uci.edu', 9007).
2026-05-01 15:48:21,839 - Worker-0 - INFO - Downloaded https://wiki.ics.uci.edu/doku.php/hardware:storage:grad_space, status <200>, using cache ('styx.ics.uci.edu', 9007).
2026-05-01 15:48:22,407 - Worker-0 - INFO - Downloaded https://wiki.ics.uci.edu/doku.php/hardware:storage:googledrivefilesystem, status <200>, using cache ('styx.ics.uci.edu', 9007).
2026-05-01 15:48:22,979 - Worker-0 - INFO - Downloaded https://gitlab.ics.uci.edu/sgroup/refn, status <200>, using cache ('styx.ics.uci.edu', 9007).
2026-05-01 15:48:23,523 - Worker-0 - INFO - Downloaded https://gitlab.ics.uci.edu/users/sign_in, status <608>, using cache ('styx.ics.uci.edu', 9007).
2026-05-01 15:48:24,032 - Worker-0 - INFO - Downloaded https://gitlab.ics.uci.edu/help, status <608>, using cache ('styx.ics.uci.edu', 9007).
2026-05-01 15:48:24,542 - Worker-0 - INFO - Downloaded https://gitlab.ics.uci.edu/explore, status <200>, using cache ('styx.ics.uci.edu', 9007).
2026-05-01 15:48:25,082 - Worker-0 - INFO - Downloaded https://wiki.ics.uci.edu/doku.php/hardware:storage:bodleian, status <200>, using cache ('styx.ics.uci.edu', 9007).
2026-05-01 15:48:25,622 - Worker-0 - INFO - Downloaded https://wiki.ics.uci.edu/doku.php/hardware:storage, status <200>, using cache ('styx.ics.uci.edu', 9007).
2026-05-01 15:48:26,214 - Worker-0 - INFO - Downloaded https://wiki.ics.uci.edu/doku.php/hardware:storage:ugrad_space, status <200>, using cache ('styx.ics.uci.edu', 9007).
2026-05-01 15:48:26,755 - Worker-0 - INFO - Downloaded https://wiki.ics.uci.edu/doku.php/hardware:nvidia, status <200>, using cache ('styx.ics.uci.edu', 9007).
2026-05-01 15:48:27,332 - Worker-0 - INFO - Downloaded https://wiki.ics.uci.edu/doku.php/hardware:laptops, status <200>, using cache ('styx.ics.uci.edu', 9007).
2026-05-01 15:48:27,900 - Worker-0 - INFO - Downloaded https://support.ics.uci.edu/laptops, status <200>, using cache ('styx.ics.uci.edu', 9007).
2026-05-01 15:48:28,439 - Worker-0 - INFO - Downloaded https://support.ics.uci.edu/comp_checkout/web/site/index, status <200>, using cache ('styx.ics.uci.edu', 9007).
2026-05-01 15:48:28,976 - Worker-0 - INFO - Downloaded https://support.ics.uci.edu/comp_checkout/web, status <200>, using cache ('styx.ics.uci.edu', 9007).
2026-05-01 15:48:29,511 - Worker-0 - INFO - Downloaded https://wiki.ics.uci.edu/doku.php/hardware:labs_software, status <200>, using cache ('styx.ics.uci.edu', 9007).
2026-05-01 15:48:30,095 - Worker-0 - INFO - Downloaded https://wiki.ics.uci.edu/doku.php/software:windows10_eol, status <200>, using cache ('styx.ics.uci.edu', 9007).
2026-05-01 15:48:30,653 - Worker-0 - INFO - Downloaded https://wiki.ics.uci.edu/doku.php/hardware:cluster:opengpu, status <200>, using cache ('styx.ics.uci.edu', 9007).
2026-05-01 15:48:31,228 - Worker-0 - INFO - Downloaded https://wiki.ics.uci.edu/doku.php/services:cuda, status <200>, using cache ('styx.ics.uci.edu', 9007).
2026-05-01 15:48:31,771 - Worker-0 - INFO - Downloaded https://swiki.ics.uci.edu/doku.php/start?s%5B%5D=helpdesk, status <200>, using cache ('styx.ics.uci.edu', 9007).
2026-05-01 15:48:32,344 - Worker-0 - INFO - Downloaded https://wiki.ics.uci.edu/doku.php/start?s%5B%5D=helpdesk, status <200>, using cache ('styx.ics.uci.edu', 9007).
2026-05-01 15:48:32,922 - Worker-0 - INFO - Downloaded https://swiki.ics.uci.edu/doku.php/accounts:restore_unix_dot_files, status <200>, using cache ('styx.ics.uci.edu', 9007).
2026-05-01 15:48:33,484 - Worker-0 - INFO - Downloaded https://wiki.ics.uci.edu/doku.php/accounts:using_vscode_with_openlab, status <200>, using cache ('styx.ics.uci.edu', 9007).
2026-05-01 15:48:34,052 - Worker-0 - INFO - Downloaded https://wiki.ics.uci.edu/doku.php/accounts:ssh_keys, status <200>, using cache ('styx.ics.uci.edu', 9007).
2026-05-01 15:48:34,637 - Worker-0 - INFO - Downloaded https://wiki.ics.uci.edu/doku.php/accounts:putty, status <200>, using cache ('styx.ics.uci.edu', 9007).
2026-05-01 15:48:35,178 - Worker-0 - INFO - Downloaded https://wiki.ics.uci.edu/doku.php/accounts:snapshots, status <200>, using cache ('styx.ics.uci.edu', 9007).
2026-05-01 15:48:35,751 - Worker-0 - INFO - Downloaded https://wiki.ics.uci.edu/doku.php/accounts:quota, status <200>, using cache ('styx.ics.uci.edu', 9007).
2026-05-01 15:48:36,321 - Worker-0 - INFO - Downloaded https://e2.ics.uci.edu, status <200>, using cache ('styx.ics.uci.edu', 9007).
2026-05-01 15:48:36,855 - Worker-0 - INFO - Downloaded https://wiki.ics.uci.edu/doku.php/accounts:ics_home_directory, status <200>, using cache ('styx.ics.uci.edu', 9007).
2026-05-01 15:48:37,429 - Worker-0 - INFO - Downloaded https://wiki.ics.uci.edu/doku.php/accounts:ics_google_apps, status <200>, using cache ('styx.ics.uci.edu', 9007).
2026-05-01 15:48:38,017 - Worker-0 - INFO - Downloaded https://swiki.ics.uci.edu/doku.php/accounts:email:email_overview, status <200>, using cache ('styx.ics.uci.edu', 9007).
2026-05-01 15:48:38,560 - Worker-0 - INFO - Downloaded https://wiki.ics.uci.edu/doku.php/accounts:email:email_overview, status <200>, using cache ('styx.ics.uci.edu', 9007).
2026-05-01 15:48:39,102 - Worker-0 - INFO - Downloaded http://www.ics.uci.edu/computing/email/google_vacation.php, status <404>, using cache ('styx.ics.uci.edu', 9007).
2026-05-01 15:48:39,613 - Worker-0 - INFO - Downloaded http://www.ics.uci.edu/computing/email/google_faq.php, status <404>, using cache ('styx.ics.uci.edu', 9007).
2026-05-01 15:48:40,122 - Worker-0 - INFO - Downloaded https://wiki.ics.uci.edu/doku.php/accounts:gsu, status <200>, using cache ('styx.ics.uci.edu', 9007).
2026-05-01 15:48:40,701 - Worker-0 - INFO - Downloaded https://swiki.ics.uci.edu/doku.php/commands:file_security, status <200>, using cache ('styx.ics.uci.edu', 9007).
2026-05-01 15:48:41,298 - Worker-0 - INFO - Downloaded https://wiki.ics.uci.edu/doku.php/accounts:fuse-sshfs, status <200>, using cache ('styx.ics.uci.edu', 9007).
2026-05-01 15:48:41,876 - Worker-0 - INFO - Downloaded https://wiki.ics.uci.edu/doku.php/accounts:ethics, status <200>, using cache ('styx.ics.uci.edu', 9007).
2026-05-01 15:48:42,445 - Worker-0 - INFO - Downloaded https://wiki.ics.uci.edu/doku.php/accounts:email:email, status <200>, using cache ('styx.ics.uci.edu', 9007).
2026-05-01 15:48:43,017 - Worker-0 - INFO - Downloaded https://wiki.ics.uci.edu/doku.php/services:email-thunderbird-gmail-setup, status <200>, using cache ('styx.ics.uci.edu', 9007).
2026-05-01 15:48:43,559 - Worker-0 - INFO - Downloaded https://wiki.ics.uci.edu/doku.php/services:email-google-vacation, status <200>, using cache ('styx.ics.uci.edu', 9007).
2026-05-01 15:48:44,101 - Worker-0 - INFO - Downloaded https://wiki.ics.uci.edu/doku.php/services:email-google-faq, status <200>, using cache ('styx.ics.uci.edu', 9007).
2026-05-01 15:48:44,642 - Worker-0 - INFO - Downloaded https://onboarding.ics.uci.edu/site/index, status <200>, using cache ('styx.ics.uci.edu', 9007).
2026-05-01 15:48:45,175 - Worker-0 - INFO - Downloaded https://onboarding.ics.uci.edu/task/todo, status <200>, using cache ('styx.ics.uci.edu', 9007).
2026-05-01 15:48:45,707 - Worker-0 - INFO - Downloaded http://www.ics.uci.edu/~lab/students/acct_activate.php, status <200>, using cache ('styx.ics.uci.edu', 9007).
2026-05-01 15:48:46,249 - Worker-0 - INFO - Downloaded https://ics.uci.edu/~lab/students/acct_activate.php, status <200>, using cache ('styx.ics.uci.edu', 9007).
2026-05-01 15:48:46,786 - Worker-0 - INFO - Downloaded http://intranet.ics.uci.edu, status <200>, using cache ('styx.ics.uci.edu', 9007).
2026-05-01 15:48:47,362 - Worker-0 - INFO - Downloaded http://intranet.ics.uci.edu/doku.php/student_affairs:start, status <200>, using cache ('styx.ics.uci.edu', 9007).
2026-05-01 15:48:47,926 - Worker-0 - INFO - Downloaded http://intranet.ics.uci.edu/doku.php/stats_dept:start, status <200>, using cache ('styx.ics.uci.edu', 9007).
2026-05-01 15:48:48,470 - Worker-0 - INFO - Downloaded http://intranet.ics.uci.edu/doku.php/start, status <200>, using cache ('styx.ics.uci.edu', 9007).
2026-05-01 15:48:49,025 - Worker-0 - INFO - Downloaded http://intranet.ics.uci.edu/doku.php/school_faculty:start, status <200>, using cache ('styx.ics.uci.edu', 9007).
2026-05-01 15:48:49,568 - Worker-0 - INFO - Downloaded http://intranet.ics.uci.edu/doku.php/personnel:start, status <200>, using cache ('styx.ics.uci.edu', 9007).
2026-05-01 15:48:50,112 - Worker-0 - INFO - Downloaded http://intranet.ics.uci.edu/doku.php/informatics_dept:start, status <200>, using cache ('styx.ics.uci.edu', 9007).
2026-05-01 15:48:50,668 - Worker-0 - INFO - Downloaded http://intranet.ics.uci.edu/doku.php/ics_general_information:start, status <200>, using cache ('styx.ics.uci.edu', 9007).
2026-05-01 15:48:51,226 - Worker-0 - INFO - Downloaded http://intranet.ics.uci.edu/doku.php/general_campus_info:start, status <200>, using cache ('styx.ics.uci.edu', 9007).
2026-05-01 15:48:51,767 - Worker-0 - INFO - Downloaded http://intranet.ics.uci.edu/doku.php/facilities:start, status <200>, using cache ('styx.ics.uci.edu', 9007).
2026-05-01 15:48:52,309 - Worker-0 - INFO - Downloaded http://intranet.ics.uci.edu/doku.php/cs_dept:start, status <200>, using cache ('styx.ics.uci.edu', 9007).
2026-05-01 15:48:52,850 - Worker-0 - INFO - Downloaded http://intranet.ics.uci.edu/doku.php/computing_support:start, status <200>, using cache ('styx.ics.uci.edu', 9007).
2026-05-01 15:48:53,389 - Worker-0 - INFO - Downloaded http://intranet.ics.uci.edu/doku.php/communications:start, status <200>, using cache ('styx.ics.uci.edu', 9007).
2026-05-01 15:48:53,929 - Worker-0 - INFO - Downloaded http://intranet.ics.uci.edu/doku.php/business_office:start, status <200>, using cache ('styx.ics.uci.edu', 9007).
2026-05-01 15:48:54,470 - Worker-0 - INFO - Downloaded https://wiki.ics.uci.edu/doku.php/wiki:playground, status <200>, using cache ('styx.ics.uci.edu', 9007).
2026-05-01 15:48:55,021 - Worker-0 - INFO - Downloaded https://wiki.ics.uci.edu/doku.php/wiki:dokuwiki, status <200>, using cache ('styx.ics.uci.edu', 9007).
2026-05-01 15:48:55,590 - Worker-0 - INFO - Downloaded https://wiki.ics.uci.edu/doku.php/webapps:webapps, status <200>, using cache ('styx.ics.uci.edu', 9007).
2026-05-01 15:48:56,151 - Worker-0 - INFO - Downloaded https://wiki.ics.uci.edu/doku.php/webapps:signage, status <200>, using cache ('styx.ics.uci.edu', 9007).
2026-05-01 15:48:56,715 - Worker-0 - INFO - Downloaded http://signage.ics.uci.edu, status <200>, using cache ('styx.ics.uci.edu', 9007).
2026-05-01 15:48:57,249 - Worker-0 - INFO - Downloaded https://signage.ics.uci.edu/site/index, status <200>, using cache ('styx.ics.uci.edu', 9007).
2026-05-01 15:48:57,782 - Worker-0 - INFO - Downloaded https://wiki.ics.uci.edu/doku.php/webapps:netreg, status <200>, using cache ('styx.ics.uci.edu', 9007).
2026-05-01 15:48:58,347 - Worker-0 - INFO - Downloaded https://netreg.ics.uci.edu, status <200>, using cache ('styx.ics.uci.edu', 9007).
2026-05-01 15:48:58,884 - Worker-0 - INFO - Downloaded https://netreg.ics.uci.edu/index.php?r=site%2Flogin, status <200>, using cache ('styx.ics.uci.edu', 9007).
2026-05-01 15:48:59,417 - Worker-0 - INFO - Downloaded https://netreg.ics.uci.edu/index.php?r=request%2Findex, status <200>, using cache ('styx.ics.uci.edu', 9007).
2026-05-01 15:48:59,949 - Worker-0 - INFO - Downloaded https://wiki.ics.uci.edu/doku.php/webapps:gradinfo, status <200>, using cache ('styx.ics.uci.edu', 9007).
2026-05-01 15:49:00,506 - Worker-0 - INFO - Downloaded https://wiki.ics.uci.edu/doku.php/group:support:software:ics_applications:gradinfo, status <200>, using cache ('styx.ics.uci.edu', 9007).
2026-05-01 15:49:01,047 - Worker-0 - INFO - Downloaded https://gradinfo.ics.uci.edu, status <200>, using cache ('styx.ics.uci.edu', 9007).
2026-05-01 15:49:01,581 - Worker-0 - INFO - Downloaded https://gradinfo.ics.uci.edu/site/index, status <200>, using cache ('styx.ics.uci.edu', 9007).
